# JRE version: Java(TM) SE Runtime Environment (8.0_131-b11) (build 1.8.0_131-b11)
# Java VM: Java HotSpot(TM) 64-Bit Server VM (25.131-b11 mixed mode windows-amd64 compressed oops)
Heap:
 PSYoungGen      total 211456K, used 86496K [0x00000000ef580000, 0x00000000ffe80000, 0x0000000100000000)
  eden space 171520K, 39% used [0x00000000ef580000,0x00000000f37dd9e0,0x00000000f9d00000)
  from space 39936K, 46% used [0x00000000f9d00000,0x00000000faf1a968,0x00000000fc400000)
  to   space 38400K, 0% used [0x00000000fd900000,0x00000000fd900000,0x00000000ffe80000)
 ParOldGen       total 267776K, used 86258K [0x00000000ce000000, 0x00000000de580000, 0x00000000ef580000)
  object space 267776K, 32% used [0x00000000ce000000,0x00000000d343cba0,0x00000000de580000)
 Metaspace       used 95649K, capacity 103216K, committed 103384K, reserved 1138688K
  class space    used 12722K, capacity 15066K, committed 15104K, reserved 1048576K
GC Heap History (10 events):
Event: 54.011 GC heap before
{Heap before GC invocations=19 (full 4):
 PSYoungGen      total 168448K, used 34957K [0x00000000ef580000, 0x00000000fd500000, 0x0000000100000000)
  eden space 130560K, 0% used [0x00000000ef580000,0x00000000ef580000,0x00000000f7500000)
  from space 37888K, 92% used [0x00000000f7500000,0x00000000f9723670,0x00000000f9a00000)
  to   space 42496K, 0% used [0x00000000fab80000,0x00000000fab80000,0x00000000fd500000)
 ParOldGen       total 171520K, used 56695K [0x00000000ce000000, 0x00000000d8780000, 0x00000000ef580000)
  object space 171520K, 33% used [0x00000000ce000000,0x00000000d175df98,0x00000000d8780000)
 Metaspace       used 90789K, capacity 98164K, committed 98264K, reserved 1134592K
  class space    used 11793K, capacity 14080K, committed 14080K, reserved 1048576K
Event: 54.800 GC heap after
Heap after GC invocations=19 (full 4):
 PSYoungGen      total 168448K, used 0K [0x00000000ef580000, 0x00000000fd500000, 0x0000000100000000)
  eden space 130560K, 0% used [0x00000000ef580000,0x00000000ef580000,0x00000000f7500000)
  from space 37888K, 0% used [0x00000000f7500000,0x00000000f7500000,0x00000000f9a00000)
  to   space 42496K, 0% used [0x00000000fab80000,0x00000000fab80000,0x00000000fd500000)
 ParOldGen       total 267776K, used 86226K [0x00000000ce000000, 0x00000000de580000, 0x00000000ef580000)
  object space 267776K, 32% used [0x00000000ce000000,0x00000000d3434ba0,0x00000000de580000)
 Metaspace       used 90789K, capacity 98164K, committed 98264K, reserved 1134592K
  class space    used 11793K, capacity 14080K, committed 14080K, reserved 1048576K
}
Event: 56.559 GC heap before
{Heap before GC invocations=20 (full 4):
 PSYoungGen      total 168448K, used 130560K [0x00000000ef580000, 0x00000000fd500000, 0x0000000100000000)
  eden space 130560K, 100% used [0x00000000ef580000,0x00000000f7500000,0x00000000f7500000)
  from space 37888K, 0% used [0x00000000f7500000,0x00000000f7500000,0x00000000f9a00000)
  to   space 42496K, 0% used [0x00000000fab80000,0x00000000fab80000,0x00000000fd500000)
 ParOldGen       total 267776K, used 86226K [0x00000000ce000000, 0x00000000de580000, 0x00000000ef580000)
  object space 267776K, 32% used [0x00000000ce000000,0x00000000d3434ba0,0x00000000de580000)
 Metaspace       used 91439K, capacity 98754K, committed 99160K, reserved 1134592K
  class space    used 11903K, capacity 14148K, committed 14208K, reserved 1048576K
Event: 56.615 GC heap after
Heap after GC invocations=20 (full 4):
 PSYoungGen      total 186880K, used 9455K [0x00000000ef580000, 0x00000000fd700000, 0x0000000100000000)
  eden space 144384K, 0% used [0x00000000ef580000,0x00000000ef580000,0x00000000f8280000)
  from space 42496K, 22% used [0x00000000fab80000,0x00000000fb4bbc98,0x00000000fd500000)
  to   space 41984K, 0% used [0x00000000f8280000,0x00000000f8280000,0x00000000fab80000)
 ParOldGen       total 267776K, used 86234K [0x00000000ce000000, 0x00000000de580000, 0x00000000ef580000)
  object space 267776K, 32% used [0x00000000ce000000,0x00000000d3436ba0,0x00000000de580000)
 Metaspace       used 91439K, capacity 98754K, committed 99160K, reserved 1134592K
  class space    used 11903K, capacity 14148K, committed 14208K, reserved 1048576K
}
Event: 57.154 GC heap before
{Heap before GC invocations=21 (full 4):
 PSYoungGen      total 186880K, used 153839K [0x00000000ef580000, 0x00000000fd700000, 0x0000000100000000)
  eden space 144384K, 100% used [0x00000000ef580000,0x00000000f8280000,0x00000000f8280000)
  from space 42496K, 22% used [0x00000000fab80000,0x00000000fb4bbc98,0x00000000fd500000)
  to   space 41984K, 0% used [0x00000000f8280000,0x00000000f8280000,0x00000000fab80000)
 ParOldGen       total 267776K, used 86234K [0x00000000ce000000, 0x00000000de580000, 0x00000000ef580000)
  object space 267776K, 32% used [0x00000000ce000000,0x00000000d3436ba0,0x00000000de580000)
 Metaspace       used 91589K, capacity 98914K, committed 99160K, reserved 1134592K
  class space    used 11917K, capacity 14180K, committed 14208K, reserved 1048576K
Event: 57.281 GC heap after
Heap after GC invocations=21 (full 4):
 PSYoungGen      total 186368K, used 8287K [0x00000000ef580000, 0x00000000fed80000, 0x0000000100000000)
  eden space 144384K, 0% used [0x00000000ef580000,0x00000000ef580000,0x00000000f8280000)
  from space 41984K, 19% used [0x00000000f8280000,0x00000000f8a97fa0,0x00000000fab80000)
  to   space 40960K, 0% used [0x00000000fc580000,0x00000000fc580000,0x00000000fed80000)
 ParOldGen       total 267776K, used 86242K [0x00000000ce000000, 0x00000000de580000, 0x00000000ef580000)
  object space 267776K, 32% used [0x00000000ce000000,0x00000000d3438ba0,0x00000000de580000)
 Metaspace       used 91589K, capacity 98914K, committed 99160K, reserved 1134592K
  class space    used 11917K, capacity 14180K, committed 14208K, reserved 1048576K
}
Event: 57.727 GC heap before
{Heap before GC invocations=22 (full 4):
 PSYoungGen      total 186368K, used 152671K [0x00000000ef580000, 0x00000000fed80000, 0x0000000100000000)
  eden space 144384K, 100% used [0x00000000ef580000,0x00000000f8280000,0x00000000f8280000)
  from space 41984K, 19% used [0x00000000f8280000,0x00000000f8a97fa0,0x00000000fab80000)
  to   space 40960K, 0% used [0x00000000fc580000,0x00000000fc580000,0x00000000fed80000)
 ParOldGen       total 267776K, used 86242K [0x00000000ce000000, 0x00000000de580000, 0x00000000ef580000)
  object space 267776K, 32% used [0x00000000ce000000,0x00000000d3438ba0,0x00000000de580000)
 Metaspace       used 91676K, capacity 98978K, committed 99160K, reserved 1134592K
  class space    used 11924K, capacity 14180K, committed 14208K, reserved 1048576K
Event: 57.749 GC heap after
Heap after GC invocations=22 (full 4):
 PSYoungGen      total 209920K, used 9332K [0x00000000ef580000, 0x00000000feb00000, 0x0000000100000000)
  eden space 171520K, 0% used [0x00000000ef580000,0x00000000ef580000,0x00000000f9d00000)
  from space 38400K, 24% used [0x00000000fc580000,0x00000000fce9d168,0x00000000feb00000)
  to   space 39936K, 0% used [0x00000000f9d00000,0x00000000f9d00000,0x00000000fc400000)
 ParOldGen       total 267776K, used 86250K [0x00000000ce000000, 0x00000000de580000, 0x00000000ef580000)
  object space 267776K, 32% used [0x00000000ce000000,0x00000000d343aba0,0x00000000de580000)
 Metaspace       used 91676K, capacity 98978K, committed 99160K, reserved 1134592K
  class space    used 11924K, capacity 14180K, committed 14208K, reserved 1048576K
}
Event: 194.731 GC heap before
{Heap before GC invocations=23 (full 4):
 PSYoungGen      total 209920K, used 180819K [0x00000000ef580000, 0x00000000feb00000, 0x0000000100000000)
  eden space 171520K, 99% used [0x00000000ef580000,0x00000000f9cf7b88,0x00000000f9d00000)
  from space 38400K, 24% used [0x00000000fc580000,0x00000000fce9d168,0x00000000feb00000)
  to   space 39936K, 0% used [0x00000000f9d00000,0x00000000f9d00000,0x00000000fc400000)
 ParOldGen       total 267776K, used 86250K [0x00000000ce000000, 0x00000000de580000, 0x00000000ef580000)
  object space 267776K, 32% used [0x00000000ce000000,0x00000000d343aba0,0x00000000de580000)
 Metaspace       used 95592K, capacity 103152K, committed 103384K, reserved 1138688K
  class space    used 12722K, capacity 15066K, committed 15104K, reserved 1048576K
Event: 194.778 GC heap after
Heap after GC invocations=23 (full 4):
 PSYoungGen      total 211456K, used 18538K [0x00000000ef580000, 0x00000000ffe80000, 0x0000000100000000)
  eden space 171520K, 0% used [0x00000000ef580000,0x00000000ef580000,0x00000000f9d00000)
  from space 39936K, 46% used [0x00000000f9d00000,0x00000000faf1a968,0x00000000fc400000)
  to   space 38400K, 0% used [0x00000000fd900000,0x00000000fd900000,0x00000000ffe80000)
 ParOldGen       total 267776K, used 86258K [0x00000000ce000000, 0x00000000de580000, 0x00000000ef580000)
  object space 267776K, 32% used [0x00000000ce000000,0x00000000d343cba0,0x00000000de580000)
 Metaspace       used 95592K, capacity 103152K, committed 103384K, reserved 1138688K
  class space    used 12722K, capacity 15066K, committed 15104K, reserved 1048576K
}

